#-----------------------------------------------------------
# Vivado v2020.2 (64-bit)
# SW Build 3064766 on Wed Nov 18 09:12:45 MST 2020
# IP Build 3064653 on Wed Nov 18 14:17:31 MST 2020
# Start of session at: Wed Apr 20 17:34:23 2022
# Process ID: 3236
# Current directory: C:/Users/tomas/Downloads/Tomas-Kaspar-main/Tomas-Kaspar-main/labs/project/UART
# Command line: vivado.exe -gui_launcher_event rodinguilauncherevent16772 C:\Users\tomas\Downloads\Tomas-Kaspar-main\Tomas-Kaspar-main\labs\project\UART\UART.xpr
# Log file: C:/Users/tomas/Downloads/Tomas-Kaspar-main/Tomas-Kaspar-main/labs/project/UART/vivado.log
# Journal file: C:/Users/tomas/Downloads/Tomas-Kaspar-main/Tomas-Kaspar-main/labs/project/UART\vivado.jou
#-----------------------------------------------------------
start_gui
open_project C:/Users/tomas/Downloads/Tomas-Kaspar-main/Tomas-Kaspar-main/labs/project/UART/UART.xpr
INFO: [Project 1-313] Project file moved from 'D:/Documents/xkaspa46/digital-electronics-1/labs/project/UART' since last save.
Scanning sources...
Finished scanning sources
INFO: [Project 1-230] Project 'UART.xpr' upgraded for this version of Vivado.
INFO: [IP_Flow 19-234] Refreshing IP repositories
INFO: [IP_Flow 19-1704] No user IP repositories specified
INFO: [IP_Flow 19-2313] Loaded Vivado IP repository 'C:/Xilinx/Vivado/2020.2/data/ip'.
open_project: Time (s): cpu = 00:00:12 ; elapsed = 00:00:05 . Memory (MB): peak = 1000.988 ; gain = 0.000
update_compile_order -fileset sources_1
close_project
open_project C:/Users/tomas/Documents/GitHub/Digital-Electronics-1/Labs/08-Traffic_lights/Classwork/traffic/traffic.xpr
INFO: [ProjectBase 1-489] The host OS only allows 260 characters in a normal path. The project is stored in a path with more than 80 characters. If you experience issues with IP, Block Designs, or files not being found, please consider moving the project to a location with a shorter path. Alternately consider using the OS subst command to map part of the path to a drive letter.
Current project path is 'C:/Users/tomas/Documents/GitHub/Digital-Electronics-1/Labs/08-Traffic_lights/Classwork/traffic'
WARNING: [filemgmt 56-3] Default IP Output Path : Could not find the directory 'C:/Users/tomas/Documents/GitHub/Digital-Electronics-1/Labs/08-Traffic_lights/Classwork/traffic/traffic.gen/sources_1'.
Scanning sources...
Finished scanning sources
INFO: [IP_Flow 19-234] Refreshing IP repositories
INFO: [IP_Flow 19-1704] No user IP repositories specified
INFO: [IP_Flow 19-2313] Loaded Vivado IP repository 'C:/Xilinx/Vivado/2020.2/data/ip'.
update_compile_order -fileset sources_1
close_project
open_project C:/Users/tomas/Downloads/Tomas-Kaspar-main/Tomas-Kaspar-main/labs/project/UART/UART.xpr
Scanning sources...
Finished scanning sources
INFO: [IP_Flow 19-234] Refreshing IP repositories
INFO: [IP_Flow 19-1704] No user IP repositories specified
INFO: [IP_Flow 19-2313] Loaded Vivado IP repository 'C:/Xilinx/Vivado/2020.2/data/ip'.
update_compile_order -fileset sources_1
file mkdir C:/Users/tomas/Downloads/Tomas-Kaspar-main/Tomas-Kaspar-main/labs/project/UART/UART.srcs/sim_1/new
set_property SOURCE_SET sources_1 [get_filesets sim_1]
close [ open C:/Users/tomas/Downloads/Tomas-Kaspar-main/Tomas-Kaspar-main/labs/project/UART/UART.srcs/sim_1/new/UART_Tb.vhd w ]
add_files -fileset sim_1 C:/Users/tomas/Downloads/Tomas-Kaspar-main/Tomas-Kaspar-main/labs/project/UART/UART.srcs/sim_1/new/UART_Tb.vhd
update_compile_order -fileset sim_1
exit
INFO: [Common 17-206] Exiting Vivado at Wed Apr 20 20:46:27 2022...
